<?xml version="1.0" encoding="UTF-8"?>
<!-- Generated by org.testng.reporters.JUnitReportReporter -->
<testsuite hostname="PI-LT-1282L" name="com.appium.mavensample.AppTest" tests="1" failures="0" timestamp="1 Jul 2016 05:36:29 GMT" time="0.002" errors="0">
  <testcase name="testApp" time="0.002" classname="com.appium.mavensample.AppTest"/>
</testsuite> <!-- com.appium.mavensample.AppTest -->
