<?xml version="1.0" encoding="UTF-8"?>
<!-- Generated by org.testng.reporters.JUnitReportReporter -->
<testsuite hostname="PI-LT-1282L" name="Settings.Forgetting_Wifi_Password" tests="1" failures="0" timestamp="19 Oct 2016 07:58:11 GMT" time="36.048" errors="0">
  <testcase name="Forgetting_Wifi_Password" time="36.048" classname="Settings.Forgetting_Wifi_Password"/>
</testsuite> <!-- Settings.Forgetting_Wifi_Password -->
