<?xml version="1.0" encoding="UTF-8"?>
<!-- Generated by org.testng.reporters.JUnitReportReporter -->
<testsuite hostname="PI-LT-1282L" name="Settings.TurningOffWifi_FromNotificationPanel" tests="1" failures="0" timestamp="19 Oct 2016 07:58:11 GMT" time="25.604" errors="0">
  <testcase name="TurningOffWifi_FromNotificationPanel" time="25.604" classname="Settings.TurningOffWifi_FromNotificationPanel"/>
</testsuite> <!-- Settings.TurningOffWifi_FromNotificationPanel -->
