<?xml version="1.0" encoding="UTF-8"?>
<!-- Generated by org.testng.reporters.JUnitReportReporter -->
<testsuite hostname="PI-LT-1282L" name="Settings.LaunchingWifi_FromNotificationPanel" tests="1" failures="0" timestamp="19 Oct 2016 07:58:11 GMT" time="37.717" errors="0">
  <testcase name="LaunchingWifi_FromNotificationPanel" time="37.717" classname="Settings.LaunchingWifi_FromNotificationPanel"/>
</testsuite> <!-- Settings.LaunchingWifi_FromNotificationPanel -->
