<?xml version="1.0" encoding="UTF-8"?>
<!-- Generated by org.testng.reporters.JUnitReportReporter -->
<testsuite hostname="PI-LT-1282L" name="Settings.Bluetooh_turning_off" tests="1" failures="0" timestamp="12 Jul 2016 06:49:47 GMT" time="5.852" errors="0">
  <testcase name="bluetooh_turning_off" time="5.852" classname="Settings.Bluetooh_turning_off"/>
</testsuite> <!-- Settings.Bluetooh_turning_off -->
