<?xml version="1.0" encoding="UTF-8"?>
<!-- Generated by org.testng.reporters.JUnitReportReporter -->
<testsuite hostname="PI-LT-1282L" name="Settings.Wifi_turning_on" tests="1" failures="0" timestamp="19 Oct 2016 07:58:11 GMT" time="7.262" errors="0">
  <testcase name="wifi_turning_on" time="7.262" classname="Settings.Wifi_turning_on"/>
</testsuite> <!-- Settings.Wifi_turning_on -->
