<?xml version="1.0" encoding="UTF-8"?>
<!-- Generated by org.testng.reporters.JUnitReportReporter -->
<testsuite hostname="Sachin-PC" name="Playstore.Install_App" tests="1" failures="0" timestamp="22 Oct 2016 16:34:14 GMT" time="8.833" errors="0">
  <testcase name="Install_App" time="8.833" classname="Playstore.Install_App"/>
</testsuite> <!-- Playstore.Install_App -->
