<?xml version="1.0" encoding="UTF-8"?>
<!-- Generated by org.testng.reporters.JUnitReportReporter -->
<testsuite hostname="PI-LT-1282L" name="Settings.TurnignOnBT_FromNotificationPanel" tests="1" failures="0" timestamp="19 Oct 2016 07:58:11 GMT" time="31.176" errors="0">
  <testcase name="TurnignOnBT_FromNotificationPanel" time="31.176" classname="Settings.TurnignOnBT_FromNotificationPanel"/>
</testsuite> <!-- Settings.TurnignOnBT_FromNotificationPanel -->
