<?xml version="1.0" encoding="UTF-8"?>
<!-- Generated by org.testng.reporters.JUnitReportReporter -->
<testsuite hostname="PI-LT-1282L" name="Contacts.DeleteContact" tests="1" failures="0" timestamp="21 Oct 2016 09:47:44 GMT" time="17.483" errors="0">
  <testcase name="dialNumber" time="17.483" classname="Contacts.DeleteContact"/>
</testsuite> <!-- Contacts.DeleteContact -->
