<?xml version="1.0" encoding="UTF-8"?>
<!-- Generated by org.testng.reporters.JUnitReportReporter -->
<testsuite hostname="PI-LT-1282L" name="com.appium.mavensample.acres99" tests="1" failures="0" timestamp="1 Jul 2016 05:17:27 GMT" time="8.966" errors="0">
  <testcase name="testApp" time="8.966" classname="com.appium.mavensample.acres99"/>
</testsuite> <!-- com.appium.mavensample.acres99 -->
