<?xml version="1.0" encoding="UTF-8"?>
<!-- Generated by org.testng.reporters.JUnitReportReporter -->
<testsuite hostname="PI-LT-1282L" name="Clock.Setting_alarm" tests="1" failures="0" timestamp="7 Oct 2016 08:43:48 GMT" time="8.181" errors="0">
  <testcase name="setting_alarm" time="8.181" classname="Clock.Setting_alarm"/>
</testsuite> <!-- Clock.Setting_alarm -->
