<?xml version="1.0" encoding="UTF-8"?>
<!-- Generated by org.testng.reporters.JUnitReportReporter -->
<testsuite hostname="PI-LT-1282L" name="com.appium.mavensample.Wifi_turning_on" tests="1" failures="0" timestamp="2 Jul 2016 17:56:06 GMT" time="3.076" errors="0">
  <testcase name="wifi_Turning_On" time="3.076" classname="com.appium.mavensample.Wifi_turning_on"/>
</testsuite> <!-- com.appium.mavensample.Wifi_turning_on -->
