<?xml version="1.0" encoding="UTF-8"?>
<!-- Generated by org.testng.reporters.JUnitReportReporter -->
<testsuite hostname="PI-LT-1282L" name="contacts_suite.dialing_number" tests="1" failures="0" timestamp="5 Jul 2016 05:44:56 GMT" time="11.376" errors="0">
  <testcase name="dialNumber" time="11.376" classname="contacts_suite.dialing_number"/>
</testsuite> <!-- contacts_suite.dialing_number -->
