<?xml version="1.0" encoding="UTF-8"?>
<!-- Generated by org.testng.reporters.JUnitReportReporter -->
<testsuite hostname="Sachin-PC" name="SMS.Send_and_Receive_SMS" tests="1" failures="0" timestamp="22 Oct 2016 11:23:11 GMT" time="19.500" errors="0">
  <testcase name="Send_and_Receive_SMS" time="19.500" classname="SMS.Send_and_Receive_SMS"/>
</testsuite> <!-- SMS.Send_and_Receive_SMS -->
