<?xml version="1.0" encoding="UTF-8"?>
<!-- Generated by org.testng.reporters.JUnitReportReporter -->
<testsuite hostname="PI-LT-1282L" name="Contacts.CreateContact" tests="1" failures="0" timestamp="21 Oct 2016 09:47:44 GMT" time="53.726" errors="0">
  <testcase name="dialNumber" time="53.726" classname="Contacts.CreateContact"/>
</testsuite> <!-- Contacts.CreateContact -->
