<?xml version="1.0" encoding="UTF-8"?>
<!-- Generated by org.testng.reporters.JUnitReportReporter -->
<testsuite hostname="PI-LT-1282L" name="com.appium.mavensample.Wifi_turning_off" tests="1" failures="0" timestamp="3 Jul 2016 12:53:30 GMT" time="3.112" errors="0">
  <testcase name="wifi_Turning_Off" time="3.112" classname="com.appium.mavensample.Wifi_turning_off"/>
</testsuite> <!-- com.appium.mavensample.Wifi_turning_off -->
