<?xml version="1.0" encoding="UTF-8"?>
<!-- Generated by org.testng.reporters.JUnitReportReporter -->
<testsuite hostname="Sachin-PC" name="Contacts.SearchContact" tests="1" failures="0" timestamp="21 Oct 2016 17:50:24 GMT" time="13.338" errors="0">
  <testcase name="dialNumber" time="13.338" classname="Contacts.SearchContact"/>
</testsuite> <!-- Contacts.SearchContact -->
