<?xml version="1.0" encoding="UTF-8"?>
<!-- Generated by org.testng.reporters.JUnitReportReporter -->
<testsuite hostname="PI-LT-1282L" name="Settings.Bluetooth_turning_off" tests="1" failures="0" timestamp="19 Oct 2016 07:58:11 GMT" time="3.604" errors="0">
  <testcase name="bluetooh_turning_off" time="3.604" classname="Settings.Bluetooth_turning_off"/>
</testsuite> <!-- Settings.Bluetooth_turning_off -->
