<?xml version="1.0" encoding="UTF-8"?>
<!-- Generated by org.testng.reporters.JUnitReportReporter -->
<testsuite hostname="PI-LT-1282L" name="Settings.Wifi_turning_off" tests="1" failures="0" timestamp="19 Oct 2016 07:58:11 GMT" time="7.511" errors="0">
  <testcase name="wifi_Turning_Off" time="7.511" classname="Settings.Wifi_turning_off"/>
</testsuite> <!-- Settings.Wifi_turning_off -->
