<?xml version="1.0" encoding="UTF-8"?>
<!-- Generated by org.testng.reporters.JUnitReportReporter -->
<testsuite hostname="PI-LT-1282L" name="com.appium.mavensample.settings_test" tests="1" failures="0" timestamp="2 Jul 2016 12:13:09 GMT" time="2.262" errors="0">
  <testcase name="testApp" time="2.262" classname="com.appium.mavensample.settings_test"/>
</testsuite> <!-- com.appium.mavensample.settings_test -->
