<?xml version="1.0" encoding="UTF-8"?>
<!-- Generated by org.testng.reporters.JUnitReportReporter -->
<testsuite hostname="PI-LT-1282L" name="com.appium.mavensample.TestCaseacres99" tests="1" failures="0" timestamp="1 Jul 2016 05:42:28 GMT" time="8.116" errors="0">
  <testcase name="testApp" time="8.116" classname="com.appium.mavensample.TestCaseacres99"/>
</testsuite> <!-- com.appium.mavensample.TestCaseacres99 -->
